   0  $accept : %entry% $end

   1  program : decls EOF

   2  decls :
   3        | decls vdecl
   4        | decls fdecl
   5        | decls stmt

   6  fdecl : typ ID LPAREN formals_opt RPAREN EOL fbody END EOL

   7  fbody :
   8        | fbody vdecl
   9        | fbody stmt

  10  formals_opt :
  11              | formals_list

  12  formals_list : typ ID
  13               | formals_list COMMA typ ID

  14  typ : INT
  15      | FLOAT
  16      | BOOL
  17      | CHAR
  18      | STRING
  19      | VOID
  20      | LIST LT typ GT
  21      | LPAREN typ RPAREN
  22      | typ ARROW typ

  23  vdecl : typ ID ASSIGN expr EOL

  24  stmt_list :
  25            | stmt_list stmt

  26  stmt : EOL
  27       | expr EOL
  28       | RETURN expr_opt EOL
  29       | IF internal_if EOL
  30       | FOR expr IN expr DO stmt_list END EOL
  31       | WHILE expr DO stmt_list END EOL
  32       | BREAK EOL
  33       | CONTINUE EOL
  34       | vdecl EOL

  35  internal_if : expr DO EOL stmt_list elif_list else_list END

  36  elif_list :
  37            | elif elif_list

  38  elif : ELSEIF expr EOL stmt_list

  39  else_list :
  40            | ELSE EOL stmt_list

  41  expr_opt :
  42           | expr

  43  expr : LITERAL
  44       | FLIT
  45       | BLIT
  46       | CLIT
  47       | SLIT
  48       | LSQUARE list_literal RSQUARE
  49       | expr PLUS expr
  50       | expr MINUS expr
  51       | expr TIMES expr
  52       | expr DIVIDE expr
  53       | expr EXP expr
  54       | expr EQ expr
  55       | expr NEQ expr
  56       | expr LT expr
  57       | expr LEQ expr
  58       | expr GT expr
  59       | expr GEQ expr
  60       | expr AND expr
  61       | expr OR expr
  62       | expr MOD expr
  63       | expr RANGE expr
  64       | MINUS expr
  65       | NOT expr
  66       | LPAREN expr RPAREN
  67       | ID ASSIGN expr
  68       | ID ADDASN expr
  69       | ID SUBASN expr
  70       | ID MULASN expr
  71       | ID DIVASN expr
  72       | ID MODASN expr
  73       | ID LPAREN args_opt RPAREN
  74       | expr LSQUARE expr RSQUARE
  75       | expr LSQUARE expr COLON expr RSQUARE

  76  list_literal :
  77               | expr
  78               | list_literal COMMA expr

  79  args_opt :
  80           | args_list

  81  args_list : expr
  82            | args_list COMMA expr

  83  %entry% : '\001' program

state 0
	$accept : . %entry% $end  (0)

	'\001'  shift 1
	.  error

	%entry%  goto 2


state 1
	%entry% : '\001' . program  (83)
	decls : .  (2)

	.  reduce 2

	program  goto 3
	decls  goto 4


state 2
	$accept : %entry% . $end  (0)

	$end  accept


state 3
	%entry% : '\001' program .  (83)

	.  reduce 83


state 4
	program : decls . EOF  (1)
	decls : decls . vdecl  (3)
	decls : decls . fdecl  (4)
	decls : decls . stmt  (5)

	LPAREN  shift 5
	LSQUARE  shift 6
	MINUS  shift 7
	NOT  shift 8
	IF  shift 9
	FOR  shift 10
	WHILE  shift 11
	BREAK  shift 12
	CONTINUE  shift 13
	RETURN  shift 14
	INT  shift 15
	FLOAT  shift 16
	BOOL  shift 17
	STRING  shift 18
	CHAR  shift 19
	VOID  shift 20
	LIST  shift 21
	BLIT  shift 22
	LITERAL  shift 23
	FLIT  shift 24
	ID  shift 25
	CLIT  shift 26
	SLIT  shift 27
	EOL  shift 28
	EOF  shift 29
	.  error

	vdecl  goto 30
	fdecl  goto 31
	stmt  goto 32
	typ  goto 33
	expr  goto 34


state 5
	typ : LPAREN . typ RPAREN  (21)
	expr : LPAREN . expr RPAREN  (66)

	LPAREN  shift 5
	LSQUARE  shift 6
	MINUS  shift 7
	NOT  shift 8
	INT  shift 15
	FLOAT  shift 16
	BOOL  shift 17
	STRING  shift 18
	CHAR  shift 19
	VOID  shift 20
	LIST  shift 21
	BLIT  shift 22
	LITERAL  shift 23
	FLIT  shift 24
	ID  shift 25
	CLIT  shift 26
	SLIT  shift 27
	.  error

	typ  goto 35
	expr  goto 36


state 6
	expr : LSQUARE . list_literal RSQUARE  (48)
	list_literal : .  (76)

	LPAREN  shift 37
	LSQUARE  shift 6
	MINUS  shift 7
	NOT  shift 8
	BLIT  shift 22
	LITERAL  shift 23
	FLIT  shift 24
	ID  shift 25
	CLIT  shift 26
	SLIT  shift 27
	RSQUARE  reduce 76
	COMMA  reduce 76

	expr  goto 38
	list_literal  goto 39


state 7
	expr : MINUS . expr  (64)

	LPAREN  shift 37
	LSQUARE  shift 6
	MINUS  shift 7
	NOT  shift 8
	BLIT  shift 22
	LITERAL  shift 23
	FLIT  shift 24
	ID  shift 25
	CLIT  shift 26
	SLIT  shift 27
	.  error

	expr  goto 40


state 8
	expr : NOT . expr  (65)

	LPAREN  shift 37
	LSQUARE  shift 6
	MINUS  shift 7
	NOT  shift 8
	BLIT  shift 22
	LITERAL  shift 23
	FLIT  shift 24
	ID  shift 25
	CLIT  shift 26
	SLIT  shift 27
	.  error

	expr  goto 41


state 9
	stmt : IF . internal_if EOL  (29)

	LPAREN  shift 37
	LSQUARE  shift 6
	MINUS  shift 7
	NOT  shift 8
	BLIT  shift 22
	LITERAL  shift 23
	FLIT  shift 24
	ID  shift 25
	CLIT  shift 26
	SLIT  shift 27
	.  error

	expr  goto 42
	internal_if  goto 43


state 10
	stmt : FOR . expr IN expr DO stmt_list END EOL  (30)

	LPAREN  shift 37
	LSQUARE  shift 6
	MINUS  shift 7
	NOT  shift 8
	BLIT  shift 22
	LITERAL  shift 23
	FLIT  shift 24
	ID  shift 25
	CLIT  shift 26
	SLIT  shift 27
	.  error

	expr  goto 44


state 11
	stmt : WHILE . expr DO stmt_list END EOL  (31)

	LPAREN  shift 37
	LSQUARE  shift 6
	MINUS  shift 7
	NOT  shift 8
	BLIT  shift 22
	LITERAL  shift 23
	FLIT  shift 24
	ID  shift 25
	CLIT  shift 26
	SLIT  shift 27
	.  error

	expr  goto 45


state 12
	stmt : BREAK . EOL  (32)

	EOL  shift 46
	.  error


state 13
	stmt : CONTINUE . EOL  (33)

	EOL  shift 47
	.  error


state 14
	stmt : RETURN . expr_opt EOL  (28)
	expr_opt : .  (41)

	LPAREN  shift 37
	LSQUARE  shift 6
	MINUS  shift 7
	NOT  shift 8
	BLIT  shift 22
	LITERAL  shift 23
	FLIT  shift 24
	ID  shift 25
	CLIT  shift 26
	SLIT  shift 27
	EOL  reduce 41

	expr  goto 48
	expr_opt  goto 49


state 15
	typ : INT .  (14)

	.  reduce 14


state 16
	typ : FLOAT .  (15)

	.  reduce 15


state 17
	typ : BOOL .  (16)

	.  reduce 16


state 18
	typ : STRING .  (18)

	.  reduce 18


state 19
	typ : CHAR .  (17)

	.  reduce 17


state 20
	typ : VOID .  (19)

	.  reduce 19


state 21
	typ : LIST . LT typ GT  (20)

	LT  shift 50
	.  error


state 22
	expr : BLIT .  (45)

	.  reduce 45


state 23
	expr : LITERAL .  (43)

	.  reduce 43


state 24
	expr : FLIT .  (44)

	.  reduce 44


state 25
	expr : ID . ASSIGN expr  (67)
	expr : ID . ADDASN expr  (68)
	expr : ID . SUBASN expr  (69)
	expr : ID . MULASN expr  (70)
	expr : ID . DIVASN expr  (71)
	expr : ID . MODASN expr  (72)
	expr : ID . LPAREN args_opt RPAREN  (73)

	LPAREN  shift 51
	ADDASN  shift 52
	SUBASN  shift 53
	MULASN  shift 54
	DIVASN  shift 55
	MODASN  shift 56
	ASSIGN  shift 57
	.  error


state 26
	expr : CLIT .  (46)

	.  reduce 46


state 27
	expr : SLIT .  (47)

	.  reduce 47


state 28
	stmt : EOL .  (26)

	.  reduce 26


state 29
	program : decls EOF .  (1)

	.  reduce 1


30: shift/reduce conflict (shift 58, reduce 3) on EOL
state 30
	decls : decls vdecl .  (3)
	stmt : vdecl . EOL  (34)

	EOL  shift 58
	LPAREN  reduce 3
	LSQUARE  reduce 3
	MINUS  reduce 3
	NOT  reduce 3
	IF  reduce 3
	FOR  reduce 3
	WHILE  reduce 3
	BREAK  reduce 3
	CONTINUE  reduce 3
	RETURN  reduce 3
	INT  reduce 3
	FLOAT  reduce 3
	BOOL  reduce 3
	STRING  reduce 3
	CHAR  reduce 3
	VOID  reduce 3
	LIST  reduce 3
	BLIT  reduce 3
	LITERAL  reduce 3
	FLIT  reduce 3
	ID  reduce 3
	CLIT  reduce 3
	SLIT  reduce 3
	EOF  reduce 3


state 31
	decls : decls fdecl .  (4)

	.  reduce 4


state 32
	decls : decls stmt .  (5)

	.  reduce 5


state 33
	fdecl : typ . ID LPAREN formals_opt RPAREN EOL fbody END EOL  (6)
	typ : typ . ARROW typ  (22)
	vdecl : typ . ID ASSIGN expr EOL  (23)

	ARROW  shift 59
	ID  shift 60
	.  error


state 34
	stmt : expr . EOL  (27)
	expr : expr . PLUS expr  (49)
	expr : expr . MINUS expr  (50)
	expr : expr . TIMES expr  (51)
	expr : expr . DIVIDE expr  (52)
	expr : expr . EXP expr  (53)
	expr : expr . EQ expr  (54)
	expr : expr . NEQ expr  (55)
	expr : expr . LT expr  (56)
	expr : expr . LEQ expr  (57)
	expr : expr . GT expr  (58)
	expr : expr . GEQ expr  (59)
	expr : expr . AND expr  (60)
	expr : expr . OR expr  (61)
	expr : expr . MOD expr  (62)
	expr : expr . RANGE expr  (63)
	expr : expr . LSQUARE expr RSQUARE  (74)
	expr : expr . LSQUARE expr COLON expr RSQUARE  (75)

	LSQUARE  shift 61
	PLUS  shift 62
	MINUS  shift 63
	TIMES  shift 64
	DIVIDE  shift 65
	MOD  shift 66
	EXP  shift 67
	EQ  shift 68
	NEQ  shift 69
	LT  shift 70
	LEQ  shift 71
	GT  shift 72
	GEQ  shift 73
	RANGE  shift 74
	AND  shift 75
	OR  shift 76
	EOL  shift 77
	.  error


state 35
	typ : LPAREN typ . RPAREN  (21)
	typ : typ . ARROW typ  (22)

	RPAREN  shift 78
	ARROW  shift 59
	.  error


state 36
	expr : expr . PLUS expr  (49)
	expr : expr . MINUS expr  (50)
	expr : expr . TIMES expr  (51)
	expr : expr . DIVIDE expr  (52)
	expr : expr . EXP expr  (53)
	expr : expr . EQ expr  (54)
	expr : expr . NEQ expr  (55)
	expr : expr . LT expr  (56)
	expr : expr . LEQ expr  (57)
	expr : expr . GT expr  (58)
	expr : expr . GEQ expr  (59)
	expr : expr . AND expr  (60)
	expr : expr . OR expr  (61)
	expr : expr . MOD expr  (62)
	expr : expr . RANGE expr  (63)
	expr : LPAREN expr . RPAREN  (66)
	expr : expr . LSQUARE expr RSQUARE  (74)
	expr : expr . LSQUARE expr COLON expr RSQUARE  (75)

	RPAREN  shift 79
	LSQUARE  shift 61
	PLUS  shift 62
	MINUS  shift 63
	TIMES  shift 64
	DIVIDE  shift 65
	MOD  shift 66
	EXP  shift 67
	EQ  shift 68
	NEQ  shift 69
	LT  shift 70
	LEQ  shift 71
	GT  shift 72
	GEQ  shift 73
	RANGE  shift 74
	AND  shift 75
	OR  shift 76
	.  error


state 37
	expr : LPAREN . expr RPAREN  (66)

	LPAREN  shift 37
	LSQUARE  shift 6
	MINUS  shift 7
	NOT  shift 8
	BLIT  shift 22
	LITERAL  shift 23
	FLIT  shift 24
	ID  shift 25
	CLIT  shift 26
	SLIT  shift 27
	.  error

	expr  goto 36


state 38
	expr : expr . PLUS expr  (49)
	expr : expr . MINUS expr  (50)
	expr : expr . TIMES expr  (51)
	expr : expr . DIVIDE expr  (52)
	expr : expr . EXP expr  (53)
	expr : expr . EQ expr  (54)
	expr : expr . NEQ expr  (55)
	expr : expr . LT expr  (56)
	expr : expr . LEQ expr  (57)
	expr : expr . GT expr  (58)
	expr : expr . GEQ expr  (59)
	expr : expr . AND expr  (60)
	expr : expr . OR expr  (61)
	expr : expr . MOD expr  (62)
	expr : expr . RANGE expr  (63)
	expr : expr . LSQUARE expr RSQUARE  (74)
	expr : expr . LSQUARE expr COLON expr RSQUARE  (75)
	list_literal : expr .  (77)

	LSQUARE  shift 61
	PLUS  shift 62
	MINUS  shift 63
	TIMES  shift 64
	DIVIDE  shift 65
	MOD  shift 66
	EXP  shift 67
	EQ  shift 68
	NEQ  shift 69
	LT  shift 70
	LEQ  shift 71
	GT  shift 72
	GEQ  shift 73
	RANGE  shift 74
	AND  shift 75
	OR  shift 76
	RSQUARE  reduce 77
	COMMA  reduce 77


state 39
	expr : LSQUARE list_literal . RSQUARE  (48)
	list_literal : list_literal . COMMA expr  (78)

	RSQUARE  shift 80
	COMMA  shift 81
	.  error


40: shift/reduce conflict (shift 61, reduce 64) on LSQUARE
40: shift/reduce conflict (shift 74, reduce 64) on RANGE
state 40
	expr : expr . PLUS expr  (49)
	expr : expr . MINUS expr  (50)
	expr : expr . TIMES expr  (51)
	expr : expr . DIVIDE expr  (52)
	expr : expr . EXP expr  (53)
	expr : expr . EQ expr  (54)
	expr : expr . NEQ expr  (55)
	expr : expr . LT expr  (56)
	expr : expr . LEQ expr  (57)
	expr : expr . GT expr  (58)
	expr : expr . GEQ expr  (59)
	expr : expr . AND expr  (60)
	expr : expr . OR expr  (61)
	expr : expr . MOD expr  (62)
	expr : expr . RANGE expr  (63)
	expr : MINUS expr .  (64)
	expr : expr . LSQUARE expr RSQUARE  (74)
	expr : expr . LSQUARE expr COLON expr RSQUARE  (75)

	LSQUARE  shift 61
	RANGE  shift 74
	RPAREN  reduce 64
	RSQUARE  reduce 64
	COMMA  reduce 64
	COLON  reduce 64
	PLUS  reduce 64
	MINUS  reduce 64
	TIMES  reduce 64
	DIVIDE  reduce 64
	MOD  reduce 64
	EXP  reduce 64
	EQ  reduce 64
	NEQ  reduce 64
	LT  reduce 64
	LEQ  reduce 64
	GT  reduce 64
	GEQ  reduce 64
	AND  reduce 64
	OR  reduce 64
	IN  reduce 64
	DO  reduce 64
	EOL  reduce 64


41: shift/reduce conflict (shift 61, reduce 65) on LSQUARE
41: shift/reduce conflict (shift 74, reduce 65) on RANGE
state 41
	expr : expr . PLUS expr  (49)
	expr : expr . MINUS expr  (50)
	expr : expr . TIMES expr  (51)
	expr : expr . DIVIDE expr  (52)
	expr : expr . EXP expr  (53)
	expr : expr . EQ expr  (54)
	expr : expr . NEQ expr  (55)
	expr : expr . LT expr  (56)
	expr : expr . LEQ expr  (57)
	expr : expr . GT expr  (58)
	expr : expr . GEQ expr  (59)
	expr : expr . AND expr  (60)
	expr : expr . OR expr  (61)
	expr : expr . MOD expr  (62)
	expr : expr . RANGE expr  (63)
	expr : NOT expr .  (65)
	expr : expr . LSQUARE expr RSQUARE  (74)
	expr : expr . LSQUARE expr COLON expr RSQUARE  (75)

	LSQUARE  shift 61
	RANGE  shift 74
	RPAREN  reduce 65
	RSQUARE  reduce 65
	COMMA  reduce 65
	COLON  reduce 65
	PLUS  reduce 65
	MINUS  reduce 65
	TIMES  reduce 65
	DIVIDE  reduce 65
	MOD  reduce 65
	EXP  reduce 65
	EQ  reduce 65
	NEQ  reduce 65
	LT  reduce 65
	LEQ  reduce 65
	GT  reduce 65
	GEQ  reduce 65
	AND  reduce 65
	OR  reduce 65
	IN  reduce 65
	DO  reduce 65
	EOL  reduce 65


state 42
	internal_if : expr . DO EOL stmt_list elif_list else_list END  (35)
	expr : expr . PLUS expr  (49)
	expr : expr . MINUS expr  (50)
	expr : expr . TIMES expr  (51)
	expr : expr . DIVIDE expr  (52)
	expr : expr . EXP expr  (53)
	expr : expr . EQ expr  (54)
	expr : expr . NEQ expr  (55)
	expr : expr . LT expr  (56)
	expr : expr . LEQ expr  (57)
	expr : expr . GT expr  (58)
	expr : expr . GEQ expr  (59)
	expr : expr . AND expr  (60)
	expr : expr . OR expr  (61)
	expr : expr . MOD expr  (62)
	expr : expr . RANGE expr  (63)
	expr : expr . LSQUARE expr RSQUARE  (74)
	expr : expr . LSQUARE expr COLON expr RSQUARE  (75)

	LSQUARE  shift 61
	PLUS  shift 62
	MINUS  shift 63
	TIMES  shift 64
	DIVIDE  shift 65
	MOD  shift 66
	EXP  shift 67
	EQ  shift 68
	NEQ  shift 69
	LT  shift 70
	LEQ  shift 71
	GT  shift 72
	GEQ  shift 73
	RANGE  shift 74
	AND  shift 75
	OR  shift 76
	DO  shift 82
	.  error


state 43
	stmt : IF internal_if . EOL  (29)

	EOL  shift 83
	.  error


state 44
	stmt : FOR expr . IN expr DO stmt_list END EOL  (30)
	expr : expr . PLUS expr  (49)
	expr : expr . MINUS expr  (50)
	expr : expr . TIMES expr  (51)
	expr : expr . DIVIDE expr  (52)
	expr : expr . EXP expr  (53)
	expr : expr . EQ expr  (54)
	expr : expr . NEQ expr  (55)
	expr : expr . LT expr  (56)
	expr : expr . LEQ expr  (57)
	expr : expr . GT expr  (58)
	expr : expr . GEQ expr  (59)
	expr : expr . AND expr  (60)
	expr : expr . OR expr  (61)
	expr : expr . MOD expr  (62)
	expr : expr . RANGE expr  (63)
	expr : expr . LSQUARE expr RSQUARE  (74)
	expr : expr . LSQUARE expr COLON expr RSQUARE  (75)

	LSQUARE  shift 61
	PLUS  shift 62
	MINUS  shift 63
	TIMES  shift 64
	DIVIDE  shift 65
	MOD  shift 66
	EXP  shift 67
	EQ  shift 68
	NEQ  shift 69
	LT  shift 70
	LEQ  shift 71
	GT  shift 72
	GEQ  shift 73
	RANGE  shift 74
	AND  shift 75
	OR  shift 76
	IN  shift 84
	.  error


state 45
	stmt : WHILE expr . DO stmt_list END EOL  (31)
	expr : expr . PLUS expr  (49)
	expr : expr . MINUS expr  (50)
	expr : expr . TIMES expr  (51)
	expr : expr . DIVIDE expr  (52)
	expr : expr . EXP expr  (53)
	expr : expr . EQ expr  (54)
	expr : expr . NEQ expr  (55)
	expr : expr . LT expr  (56)
	expr : expr . LEQ expr  (57)
	expr : expr . GT expr  (58)
	expr : expr . GEQ expr  (59)
	expr : expr . AND expr  (60)
	expr : expr . OR expr  (61)
	expr : expr . MOD expr  (62)
	expr : expr . RANGE expr  (63)
	expr : expr . LSQUARE expr RSQUARE  (74)
	expr : expr . LSQUARE expr COLON expr RSQUARE  (75)

	LSQUARE  shift 61
	PLUS  shift 62
	MINUS  shift 63
	TIMES  shift 64
	DIVIDE  shift 65
	MOD  shift 66
	EXP  shift 67
	EQ  shift 68
	NEQ  shift 69
	LT  shift 70
	LEQ  shift 71
	GT  shift 72
	GEQ  shift 73
	RANGE  shift 74
	AND  shift 75
	OR  shift 76
	DO  shift 85
	.  error


state 46
	stmt : BREAK EOL .  (32)

	.  reduce 32


state 47
	stmt : CONTINUE EOL .  (33)

	.  reduce 33


state 48
	expr_opt : expr .  (42)
	expr : expr . PLUS expr  (49)
	expr : expr . MINUS expr  (50)
	expr : expr . TIMES expr  (51)
	expr : expr . DIVIDE expr  (52)
	expr : expr . EXP expr  (53)
	expr : expr . EQ expr  (54)
	expr : expr . NEQ expr  (55)
	expr : expr . LT expr  (56)
	expr : expr . LEQ expr  (57)
	expr : expr . GT expr  (58)
	expr : expr . GEQ expr  (59)
	expr : expr . AND expr  (60)
	expr : expr . OR expr  (61)
	expr : expr . MOD expr  (62)
	expr : expr . RANGE expr  (63)
	expr : expr . LSQUARE expr RSQUARE  (74)
	expr : expr . LSQUARE expr COLON expr RSQUARE  (75)

	LSQUARE  shift 61
	PLUS  shift 62
	MINUS  shift 63
	TIMES  shift 64
	DIVIDE  shift 65
	MOD  shift 66
	EXP  shift 67
	EQ  shift 68
	NEQ  shift 69
	LT  shift 70
	LEQ  shift 71
	GT  shift 72
	GEQ  shift 73
	RANGE  shift 74
	AND  shift 75
	OR  shift 76
	EOL  reduce 42


state 49
	stmt : RETURN expr_opt . EOL  (28)

	EOL  shift 86
	.  error


state 50
	typ : LIST LT . typ GT  (20)

	LPAREN  shift 87
	INT  shift 15
	FLOAT  shift 16
	BOOL  shift 17
	STRING  shift 18
	CHAR  shift 19
	VOID  shift 20
	LIST  shift 21
	.  error

	typ  goto 88


state 51
	expr : ID LPAREN . args_opt RPAREN  (73)
	args_opt : .  (79)

	LPAREN  shift 37
	LSQUARE  shift 6
	MINUS  shift 7
	NOT  shift 8
	BLIT  shift 22
	LITERAL  shift 23
	FLIT  shift 24
	ID  shift 25
	CLIT  shift 26
	SLIT  shift 27
	RPAREN  reduce 79

	expr  goto 89
	args_opt  goto 90
	args_list  goto 91


state 52
	expr : ID ADDASN . expr  (68)

	LPAREN  shift 37
	LSQUARE  shift 6
	MINUS  shift 7
	NOT  shift 8
	BLIT  shift 22
	LITERAL  shift 23
	FLIT  shift 24
	ID  shift 25
	CLIT  shift 26
	SLIT  shift 27
	.  error

	expr  goto 92


state 53
	expr : ID SUBASN . expr  (69)

	LPAREN  shift 37
	LSQUARE  shift 6
	MINUS  shift 7
	NOT  shift 8
	BLIT  shift 22
	LITERAL  shift 23
	FLIT  shift 24
	ID  shift 25
	CLIT  shift 26
	SLIT  shift 27
	.  error

	expr  goto 93


state 54
	expr : ID MULASN . expr  (70)

	LPAREN  shift 37
	LSQUARE  shift 6
	MINUS  shift 7
	NOT  shift 8
	BLIT  shift 22
	LITERAL  shift 23
	FLIT  shift 24
	ID  shift 25
	CLIT  shift 26
	SLIT  shift 27
	.  error

	expr  goto 94


state 55
	expr : ID DIVASN . expr  (71)

	LPAREN  shift 37
	LSQUARE  shift 6
	MINUS  shift 7
	NOT  shift 8
	BLIT  shift 22
	LITERAL  shift 23
	FLIT  shift 24
	ID  shift 25
	CLIT  shift 26
	SLIT  shift 27
	.  error

	expr  goto 95


state 56
	expr : ID MODASN . expr  (72)

	LPAREN  shift 37
	LSQUARE  shift 6
	MINUS  shift 7
	NOT  shift 8
	BLIT  shift 22
	LITERAL  shift 23
	FLIT  shift 24
	ID  shift 25
	CLIT  shift 26
	SLIT  shift 27
	.  error

	expr  goto 96


state 57
	expr : ID ASSIGN . expr  (67)

	LPAREN  shift 37
	LSQUARE  shift 6
	MINUS  shift 7
	NOT  shift 8
	BLIT  shift 22
	LITERAL  shift 23
	FLIT  shift 24
	ID  shift 25
	CLIT  shift 26
	SLIT  shift 27
	.  error

	expr  goto 97


state 58
	stmt : vdecl EOL .  (34)

	.  reduce 34


state 59
	typ : typ ARROW . typ  (22)

	LPAREN  shift 87
	INT  shift 15
	FLOAT  shift 16
	BOOL  shift 17
	STRING  shift 18
	CHAR  shift 19
	VOID  shift 20
	LIST  shift 21
	.  error

	typ  goto 98


state 60
	fdecl : typ ID . LPAREN formals_opt RPAREN EOL fbody END EOL  (6)
	vdecl : typ ID . ASSIGN expr EOL  (23)

	LPAREN  shift 99
	ASSIGN  shift 100
	.  error


state 61
	expr : expr LSQUARE . expr RSQUARE  (74)
	expr : expr LSQUARE . expr COLON expr RSQUARE  (75)

	LPAREN  shift 37
	LSQUARE  shift 6
	MINUS  shift 7
	NOT  shift 8
	BLIT  shift 22
	LITERAL  shift 23
	FLIT  shift 24
	ID  shift 25
	CLIT  shift 26
	SLIT  shift 27
	.  error

	expr  goto 101


state 62
	expr : expr PLUS . expr  (49)

	LPAREN  shift 37
	LSQUARE  shift 6
	MINUS  shift 7
	NOT  shift 8
	BLIT  shift 22
	LITERAL  shift 23
	FLIT  shift 24
	ID  shift 25
	CLIT  shift 26
	SLIT  shift 27
	.  error

	expr  goto 102


state 63
	expr : expr MINUS . expr  (50)

	LPAREN  shift 37
	LSQUARE  shift 6
	MINUS  shift 7
	NOT  shift 8
	BLIT  shift 22
	LITERAL  shift 23
	FLIT  shift 24
	ID  shift 25
	CLIT  shift 26
	SLIT  shift 27
	.  error

	expr  goto 103


state 64
	expr : expr TIMES . expr  (51)

	LPAREN  shift 37
	LSQUARE  shift 6
	MINUS  shift 7
	NOT  shift 8
	BLIT  shift 22
	LITERAL  shift 23
	FLIT  shift 24
	ID  shift 25
	CLIT  shift 26
	SLIT  shift 27
	.  error

	expr  goto 104


state 65
	expr : expr DIVIDE . expr  (52)

	LPAREN  shift 37
	LSQUARE  shift 6
	MINUS  shift 7
	NOT  shift 8
	BLIT  shift 22
	LITERAL  shift 23
	FLIT  shift 24
	ID  shift 25
	CLIT  shift 26
	SLIT  shift 27
	.  error

	expr  goto 105


state 66
	expr : expr MOD . expr  (62)

	LPAREN  shift 37
	LSQUARE  shift 6
	MINUS  shift 7
	NOT  shift 8
	BLIT  shift 22
	LITERAL  shift 23
	FLIT  shift 24
	ID  shift 25
	CLIT  shift 26
	SLIT  shift 27
	.  error

	expr  goto 106


state 67
	expr : expr EXP . expr  (53)

	LPAREN  shift 37
	LSQUARE  shift 6
	MINUS  shift 7
	NOT  shift 8
	BLIT  shift 22
	LITERAL  shift 23
	FLIT  shift 24
	ID  shift 25
	CLIT  shift 26
	SLIT  shift 27
	.  error

	expr  goto 107


state 68
	expr : expr EQ . expr  (54)

	LPAREN  shift 37
	LSQUARE  shift 6
	MINUS  shift 7
	NOT  shift 8
	BLIT  shift 22
	LITERAL  shift 23
	FLIT  shift 24
	ID  shift 25
	CLIT  shift 26
	SLIT  shift 27
	.  error

	expr  goto 108


state 69
	expr : expr NEQ . expr  (55)

	LPAREN  shift 37
	LSQUARE  shift 6
	MINUS  shift 7
	NOT  shift 8
	BLIT  shift 22
	LITERAL  shift 23
	FLIT  shift 24
	ID  shift 25
	CLIT  shift 26
	SLIT  shift 27
	.  error

	expr  goto 109


state 70
	expr : expr LT . expr  (56)

	LPAREN  shift 37
	LSQUARE  shift 6
	MINUS  shift 7
	NOT  shift 8
	BLIT  shift 22
	LITERAL  shift 23
	FLIT  shift 24
	ID  shift 25
	CLIT  shift 26
	SLIT  shift 27
	.  error

	expr  goto 110


state 71
	expr : expr LEQ . expr  (57)

	LPAREN  shift 37
	LSQUARE  shift 6
	MINUS  shift 7
	NOT  shift 8
	BLIT  shift 22
	LITERAL  shift 23
	FLIT  shift 24
	ID  shift 25
	CLIT  shift 26
	SLIT  shift 27
	.  error

	expr  goto 111


state 72
	expr : expr GT . expr  (58)

	LPAREN  shift 37
	LSQUARE  shift 6
	MINUS  shift 7
	NOT  shift 8
	BLIT  shift 22
	LITERAL  shift 23
	FLIT  shift 24
	ID  shift 25
	CLIT  shift 26
	SLIT  shift 27
	.  error

	expr  goto 112


state 73
	expr : expr GEQ . expr  (59)

	LPAREN  shift 37
	LSQUARE  shift 6
	MINUS  shift 7
	NOT  shift 8
	BLIT  shift 22
	LITERAL  shift 23
	FLIT  shift 24
	ID  shift 25
	CLIT  shift 26
	SLIT  shift 27
	.  error

	expr  goto 113


state 74
	expr : expr RANGE . expr  (63)

	LPAREN  shift 37
	LSQUARE  shift 6
	MINUS  shift 7
	NOT  shift 8
	BLIT  shift 22
	LITERAL  shift 23
	FLIT  shift 24
	ID  shift 25
	CLIT  shift 26
	SLIT  shift 27
	.  error

	expr  goto 114


state 75
	expr : expr AND . expr  (60)

	LPAREN  shift 37
	LSQUARE  shift 6
	MINUS  shift 7
	NOT  shift 8
	BLIT  shift 22
	LITERAL  shift 23
	FLIT  shift 24
	ID  shift 25
	CLIT  shift 26
	SLIT  shift 27
	.  error

	expr  goto 115


state 76
	expr : expr OR . expr  (61)

	LPAREN  shift 37
	LSQUARE  shift 6
	MINUS  shift 7
	NOT  shift 8
	BLIT  shift 22
	LITERAL  shift 23
	FLIT  shift 24
	ID  shift 25
	CLIT  shift 26
	SLIT  shift 27
	.  error

	expr  goto 116


state 77
	stmt : expr EOL .  (27)

	.  reduce 27


state 78
	typ : LPAREN typ RPAREN .  (21)

	.  reduce 21


state 79
	expr : LPAREN expr RPAREN .  (66)

	.  reduce 66


state 80
	expr : LSQUARE list_literal RSQUARE .  (48)

	.  reduce 48


state 81
	list_literal : list_literal COMMA . expr  (78)

	LPAREN  shift 37
	LSQUARE  shift 6
	MINUS  shift 7
	NOT  shift 8
	BLIT  shift 22
	LITERAL  shift 23
	FLIT  shift 24
	ID  shift 25
	CLIT  shift 26
	SLIT  shift 27
	.  error

	expr  goto 117


state 82
	internal_if : expr DO . EOL stmt_list elif_list else_list END  (35)

	EOL  shift 118
	.  error


state 83
	stmt : IF internal_if EOL .  (29)

	.  reduce 29


state 84
	stmt : FOR expr IN . expr DO stmt_list END EOL  (30)

	LPAREN  shift 37
	LSQUARE  shift 6
	MINUS  shift 7
	NOT  shift 8
	BLIT  shift 22
	LITERAL  shift 23
	FLIT  shift 24
	ID  shift 25
	CLIT  shift 26
	SLIT  shift 27
	.  error

	expr  goto 119


state 85
	stmt : WHILE expr DO . stmt_list END EOL  (31)
	stmt_list : .  (24)

	.  reduce 24

	stmt_list  goto 120


state 86
	stmt : RETURN expr_opt EOL .  (28)

	.  reduce 28


state 87
	typ : LPAREN . typ RPAREN  (21)

	LPAREN  shift 87
	INT  shift 15
	FLOAT  shift 16
	BOOL  shift 17
	STRING  shift 18
	CHAR  shift 19
	VOID  shift 20
	LIST  shift 21
	.  error

	typ  goto 35


state 88
	typ : LIST LT typ . GT  (20)
	typ : typ . ARROW typ  (22)

	ARROW  shift 59
	GT  shift 121
	.  error


state 89
	expr : expr . PLUS expr  (49)
	expr : expr . MINUS expr  (50)
	expr : expr . TIMES expr  (51)
	expr : expr . DIVIDE expr  (52)
	expr : expr . EXP expr  (53)
	expr : expr . EQ expr  (54)
	expr : expr . NEQ expr  (55)
	expr : expr . LT expr  (56)
	expr : expr . LEQ expr  (57)
	expr : expr . GT expr  (58)
	expr : expr . GEQ expr  (59)
	expr : expr . AND expr  (60)
	expr : expr . OR expr  (61)
	expr : expr . MOD expr  (62)
	expr : expr . RANGE expr  (63)
	expr : expr . LSQUARE expr RSQUARE  (74)
	expr : expr . LSQUARE expr COLON expr RSQUARE  (75)
	args_list : expr .  (81)

	LSQUARE  shift 61
	PLUS  shift 62
	MINUS  shift 63
	TIMES  shift 64
	DIVIDE  shift 65
	MOD  shift 66
	EXP  shift 67
	EQ  shift 68
	NEQ  shift 69
	LT  shift 70
	LEQ  shift 71
	GT  shift 72
	GEQ  shift 73
	RANGE  shift 74
	AND  shift 75
	OR  shift 76
	RPAREN  reduce 81
	COMMA  reduce 81


state 90
	expr : ID LPAREN args_opt . RPAREN  (73)

	RPAREN  shift 122
	.  error


state 91
	args_opt : args_list .  (80)
	args_list : args_list . COMMA expr  (82)

	COMMA  shift 123
	RPAREN  reduce 80


92: shift/reduce conflict (shift 61, reduce 68) on LSQUARE
92: shift/reduce conflict (shift 74, reduce 68) on RANGE
state 92
	expr : expr . PLUS expr  (49)
	expr : expr . MINUS expr  (50)
	expr : expr . TIMES expr  (51)
	expr : expr . DIVIDE expr  (52)
	expr : expr . EXP expr  (53)
	expr : expr . EQ expr  (54)
	expr : expr . NEQ expr  (55)
	expr : expr . LT expr  (56)
	expr : expr . LEQ expr  (57)
	expr : expr . GT expr  (58)
	expr : expr . GEQ expr  (59)
	expr : expr . AND expr  (60)
	expr : expr . OR expr  (61)
	expr : expr . MOD expr  (62)
	expr : expr . RANGE expr  (63)
	expr : ID ADDASN expr .  (68)
	expr : expr . LSQUARE expr RSQUARE  (74)
	expr : expr . LSQUARE expr COLON expr RSQUARE  (75)

	LSQUARE  shift 61
	PLUS  shift 62
	MINUS  shift 63
	TIMES  shift 64
	DIVIDE  shift 65
	MOD  shift 66
	EXP  shift 67
	EQ  shift 68
	NEQ  shift 69
	LT  shift 70
	LEQ  shift 71
	GT  shift 72
	GEQ  shift 73
	RANGE  shift 74
	RPAREN  reduce 68
	RSQUARE  reduce 68
	COMMA  reduce 68
	COLON  reduce 68
	AND  reduce 68
	OR  reduce 68
	IN  reduce 68
	DO  reduce 68
	EOL  reduce 68


93: shift/reduce conflict (shift 61, reduce 69) on LSQUARE
93: shift/reduce conflict (shift 74, reduce 69) on RANGE
state 93
	expr : expr . PLUS expr  (49)
	expr : expr . MINUS expr  (50)
	expr : expr . TIMES expr  (51)
	expr : expr . DIVIDE expr  (52)
	expr : expr . EXP expr  (53)
	expr : expr . EQ expr  (54)
	expr : expr . NEQ expr  (55)
	expr : expr . LT expr  (56)
	expr : expr . LEQ expr  (57)
	expr : expr . GT expr  (58)
	expr : expr . GEQ expr  (59)
	expr : expr . AND expr  (60)
	expr : expr . OR expr  (61)
	expr : expr . MOD expr  (62)
	expr : expr . RANGE expr  (63)
	expr : ID SUBASN expr .  (69)
	expr : expr . LSQUARE expr RSQUARE  (74)
	expr : expr . LSQUARE expr COLON expr RSQUARE  (75)

	LSQUARE  shift 61
	PLUS  shift 62
	MINUS  shift 63
	TIMES  shift 64
	DIVIDE  shift 65
	MOD  shift 66
	EXP  shift 67
	EQ  shift 68
	NEQ  shift 69
	LT  shift 70
	LEQ  shift 71
	GT  shift 72
	GEQ  shift 73
	RANGE  shift 74
	RPAREN  reduce 69
	RSQUARE  reduce 69
	COMMA  reduce 69
	COLON  reduce 69
	AND  reduce 69
	OR  reduce 69
	IN  reduce 69
	DO  reduce 69
	EOL  reduce 69


94: shift/reduce conflict (shift 61, reduce 70) on LSQUARE
94: shift/reduce conflict (shift 74, reduce 70) on RANGE
state 94
	expr : expr . PLUS expr  (49)
	expr : expr . MINUS expr  (50)
	expr : expr . TIMES expr  (51)
	expr : expr . DIVIDE expr  (52)
	expr : expr . EXP expr  (53)
	expr : expr . EQ expr  (54)
	expr : expr . NEQ expr  (55)
	expr : expr . LT expr  (56)
	expr : expr . LEQ expr  (57)
	expr : expr . GT expr  (58)
	expr : expr . GEQ expr  (59)
	expr : expr . AND expr  (60)
	expr : expr . OR expr  (61)
	expr : expr . MOD expr  (62)
	expr : expr . RANGE expr  (63)
	expr : ID MULASN expr .  (70)
	expr : expr . LSQUARE expr RSQUARE  (74)
	expr : expr . LSQUARE expr COLON expr RSQUARE  (75)

	LSQUARE  shift 61
	PLUS  shift 62
	MINUS  shift 63
	TIMES  shift 64
	DIVIDE  shift 65
	MOD  shift 66
	EXP  shift 67
	EQ  shift 68
	NEQ  shift 69
	LT  shift 70
	LEQ  shift 71
	GT  shift 72
	GEQ  shift 73
	RANGE  shift 74
	RPAREN  reduce 70
	RSQUARE  reduce 70
	COMMA  reduce 70
	COLON  reduce 70
	AND  reduce 70
	OR  reduce 70
	IN  reduce 70
	DO  reduce 70
	EOL  reduce 70


95: shift/reduce conflict (shift 61, reduce 71) on LSQUARE
95: shift/reduce conflict (shift 74, reduce 71) on RANGE
state 95
	expr : expr . PLUS expr  (49)
	expr : expr . MINUS expr  (50)
	expr : expr . TIMES expr  (51)
	expr : expr . DIVIDE expr  (52)
	expr : expr . EXP expr  (53)
	expr : expr . EQ expr  (54)
	expr : expr . NEQ expr  (55)
	expr : expr . LT expr  (56)
	expr : expr . LEQ expr  (57)
	expr : expr . GT expr  (58)
	expr : expr . GEQ expr  (59)
	expr : expr . AND expr  (60)
	expr : expr . OR expr  (61)
	expr : expr . MOD expr  (62)
	expr : expr . RANGE expr  (63)
	expr : ID DIVASN expr .  (71)
	expr : expr . LSQUARE expr RSQUARE  (74)
	expr : expr . LSQUARE expr COLON expr RSQUARE  (75)

	LSQUARE  shift 61
	PLUS  shift 62
	MINUS  shift 63
	TIMES  shift 64
	DIVIDE  shift 65
	MOD  shift 66
	EXP  shift 67
	EQ  shift 68
	NEQ  shift 69
	LT  shift 70
	LEQ  shift 71
	GT  shift 72
	GEQ  shift 73
	RANGE  shift 74
	RPAREN  reduce 71
	RSQUARE  reduce 71
	COMMA  reduce 71
	COLON  reduce 71
	AND  reduce 71
	OR  reduce 71
	IN  reduce 71
	DO  reduce 71
	EOL  reduce 71


96: shift/reduce conflict (shift 61, reduce 72) on LSQUARE
96: shift/reduce conflict (shift 74, reduce 72) on RANGE
state 96
	expr : expr . PLUS expr  (49)
	expr : expr . MINUS expr  (50)
	expr : expr . TIMES expr  (51)
	expr : expr . DIVIDE expr  (52)
	expr : expr . EXP expr  (53)
	expr : expr . EQ expr  (54)
	expr : expr . NEQ expr  (55)
	expr : expr . LT expr  (56)
	expr : expr . LEQ expr  (57)
	expr : expr . GT expr  (58)
	expr : expr . GEQ expr  (59)
	expr : expr . AND expr  (60)
	expr : expr . OR expr  (61)
	expr : expr . MOD expr  (62)
	expr : expr . RANGE expr  (63)
	expr : ID MODASN expr .  (72)
	expr : expr . LSQUARE expr RSQUARE  (74)
	expr : expr . LSQUARE expr COLON expr RSQUARE  (75)

	LSQUARE  shift 61
	PLUS  shift 62
	MINUS  shift 63
	TIMES  shift 64
	DIVIDE  shift 65
	MOD  shift 66
	EXP  shift 67
	EQ  shift 68
	NEQ  shift 69
	LT  shift 70
	LEQ  shift 71
	GT  shift 72
	GEQ  shift 73
	RANGE  shift 74
	RPAREN  reduce 72
	RSQUARE  reduce 72
	COMMA  reduce 72
	COLON  reduce 72
	AND  reduce 72
	OR  reduce 72
	IN  reduce 72
	DO  reduce 72
	EOL  reduce 72


97: shift/reduce conflict (shift 61, reduce 67) on LSQUARE
97: shift/reduce conflict (shift 74, reduce 67) on RANGE
state 97
	expr : expr . PLUS expr  (49)
	expr : expr . MINUS expr  (50)
	expr : expr . TIMES expr  (51)
	expr : expr . DIVIDE expr  (52)
	expr : expr . EXP expr  (53)
	expr : expr . EQ expr  (54)
	expr : expr . NEQ expr  (55)
	expr : expr . LT expr  (56)
	expr : expr . LEQ expr  (57)
	expr : expr . GT expr  (58)
	expr : expr . GEQ expr  (59)
	expr : expr . AND expr  (60)
	expr : expr . OR expr  (61)
	expr : expr . MOD expr  (62)
	expr : expr . RANGE expr  (63)
	expr : ID ASSIGN expr .  (67)
	expr : expr . LSQUARE expr RSQUARE  (74)
	expr : expr . LSQUARE expr COLON expr RSQUARE  (75)

	LSQUARE  shift 61
	PLUS  shift 62
	MINUS  shift 63
	TIMES  shift 64
	DIVIDE  shift 65
	MOD  shift 66
	EXP  shift 67
	EQ  shift 68
	NEQ  shift 69
	LT  shift 70
	LEQ  shift 71
	GT  shift 72
	GEQ  shift 73
	RANGE  shift 74
	AND  shift 75
	OR  shift 76
	RPAREN  reduce 67
	RSQUARE  reduce 67
	COMMA  reduce 67
	COLON  reduce 67
	IN  reduce 67
	DO  reduce 67
	EOL  reduce 67


98: shift/reduce conflict (shift 59, reduce 22) on ARROW
state 98
	typ : typ . ARROW typ  (22)
	typ : typ ARROW typ .  (22)

	ARROW  shift 59
	RPAREN  reduce 22
	GT  reduce 22
	ID  reduce 22


state 99
	fdecl : typ ID LPAREN . formals_opt RPAREN EOL fbody END EOL  (6)
	formals_opt : .  (10)

	LPAREN  shift 87
	INT  shift 15
	FLOAT  shift 16
	BOOL  shift 17
	STRING  shift 18
	CHAR  shift 19
	VOID  shift 20
	LIST  shift 21
	RPAREN  reduce 10

	typ  goto 124
	formals_opt  goto 125
	formals_list  goto 126


state 100
	vdecl : typ ID ASSIGN . expr EOL  (23)

	LPAREN  shift 37
	LSQUARE  shift 6
	MINUS  shift 7
	NOT  shift 8
	BLIT  shift 22
	LITERAL  shift 23
	FLIT  shift 24
	ID  shift 25
	CLIT  shift 26
	SLIT  shift 27
	.  error

	expr  goto 127


state 101
	expr : expr . PLUS expr  (49)
	expr : expr . MINUS expr  (50)
	expr : expr . TIMES expr  (51)
	expr : expr . DIVIDE expr  (52)
	expr : expr . EXP expr  (53)
	expr : expr . EQ expr  (54)
	expr : expr . NEQ expr  (55)
	expr : expr . LT expr  (56)
	expr : expr . LEQ expr  (57)
	expr : expr . GT expr  (58)
	expr : expr . GEQ expr  (59)
	expr : expr . AND expr  (60)
	expr : expr . OR expr  (61)
	expr : expr . MOD expr  (62)
	expr : expr . RANGE expr  (63)
	expr : expr . LSQUARE expr RSQUARE  (74)
	expr : expr LSQUARE expr . RSQUARE  (74)
	expr : expr . LSQUARE expr COLON expr RSQUARE  (75)
	expr : expr LSQUARE expr . COLON expr RSQUARE  (75)

	LSQUARE  shift 61
	RSQUARE  shift 128
	COLON  shift 129
	PLUS  shift 62
	MINUS  shift 63
	TIMES  shift 64
	DIVIDE  shift 65
	MOD  shift 66
	EXP  shift 67
	EQ  shift 68
	NEQ  shift 69
	LT  shift 70
	LEQ  shift 71
	GT  shift 72
	GEQ  shift 73
	RANGE  shift 74
	AND  shift 75
	OR  shift 76
	.  error


102: shift/reduce conflict (shift 61, reduce 49) on LSQUARE
102: shift/reduce conflict (shift 74, reduce 49) on RANGE
state 102
	expr : expr . PLUS expr  (49)
	expr : expr PLUS expr .  (49)
	expr : expr . MINUS expr  (50)
	expr : expr . TIMES expr  (51)
	expr : expr . DIVIDE expr  (52)
	expr : expr . EXP expr  (53)
	expr : expr . EQ expr  (54)
	expr : expr . NEQ expr  (55)
	expr : expr . LT expr  (56)
	expr : expr . LEQ expr  (57)
	expr : expr . GT expr  (58)
	expr : expr . GEQ expr  (59)
	expr : expr . AND expr  (60)
	expr : expr . OR expr  (61)
	expr : expr . MOD expr  (62)
	expr : expr . RANGE expr  (63)
	expr : expr . LSQUARE expr RSQUARE  (74)
	expr : expr . LSQUARE expr COLON expr RSQUARE  (75)

	LSQUARE  shift 61
	TIMES  shift 64
	DIVIDE  shift 65
	MOD  shift 66
	EXP  shift 67
	RANGE  shift 74
	RPAREN  reduce 49
	RSQUARE  reduce 49
	COMMA  reduce 49
	COLON  reduce 49
	PLUS  reduce 49
	MINUS  reduce 49
	EQ  reduce 49
	NEQ  reduce 49
	LT  reduce 49
	LEQ  reduce 49
	GT  reduce 49
	GEQ  reduce 49
	AND  reduce 49
	OR  reduce 49
	IN  reduce 49
	DO  reduce 49
	EOL  reduce 49


103: shift/reduce conflict (shift 61, reduce 50) on LSQUARE
103: shift/reduce conflict (shift 74, reduce 50) on RANGE
state 103
	expr : expr . PLUS expr  (49)
	expr : expr . MINUS expr  (50)
	expr : expr MINUS expr .  (50)
	expr : expr . TIMES expr  (51)
	expr : expr . DIVIDE expr  (52)
	expr : expr . EXP expr  (53)
	expr : expr . EQ expr  (54)
	expr : expr . NEQ expr  (55)
	expr : expr . LT expr  (56)
	expr : expr . LEQ expr  (57)
	expr : expr . GT expr  (58)
	expr : expr . GEQ expr  (59)
	expr : expr . AND expr  (60)
	expr : expr . OR expr  (61)
	expr : expr . MOD expr  (62)
	expr : expr . RANGE expr  (63)
	expr : expr . LSQUARE expr RSQUARE  (74)
	expr : expr . LSQUARE expr COLON expr RSQUARE  (75)

	LSQUARE  shift 61
	TIMES  shift 64
	DIVIDE  shift 65
	MOD  shift 66
	EXP  shift 67
	RANGE  shift 74
	RPAREN  reduce 50
	RSQUARE  reduce 50
	COMMA  reduce 50
	COLON  reduce 50
	PLUS  reduce 50
	MINUS  reduce 50
	EQ  reduce 50
	NEQ  reduce 50
	LT  reduce 50
	LEQ  reduce 50
	GT  reduce 50
	GEQ  reduce 50
	AND  reduce 50
	OR  reduce 50
	IN  reduce 50
	DO  reduce 50
	EOL  reduce 50


104: shift/reduce conflict (shift 61, reduce 51) on LSQUARE
104: shift/reduce conflict (shift 74, reduce 51) on RANGE
state 104
	expr : expr . PLUS expr  (49)
	expr : expr . MINUS expr  (50)
	expr : expr . TIMES expr  (51)
	expr : expr TIMES expr .  (51)
	expr : expr . DIVIDE expr  (52)
	expr : expr . EXP expr  (53)
	expr : expr . EQ expr  (54)
	expr : expr . NEQ expr  (55)
	expr : expr . LT expr  (56)
	expr : expr . LEQ expr  (57)
	expr : expr . GT expr  (58)
	expr : expr . GEQ expr  (59)
	expr : expr . AND expr  (60)
	expr : expr . OR expr  (61)
	expr : expr . MOD expr  (62)
	expr : expr . RANGE expr  (63)
	expr : expr . LSQUARE expr RSQUARE  (74)
	expr : expr . LSQUARE expr COLON expr RSQUARE  (75)

	LSQUARE  shift 61
	EXP  shift 67
	RANGE  shift 74
	RPAREN  reduce 51
	RSQUARE  reduce 51
	COMMA  reduce 51
	COLON  reduce 51
	PLUS  reduce 51
	MINUS  reduce 51
	TIMES  reduce 51
	DIVIDE  reduce 51
	MOD  reduce 51
	EQ  reduce 51
	NEQ  reduce 51
	LT  reduce 51
	LEQ  reduce 51
	GT  reduce 51
	GEQ  reduce 51
	AND  reduce 51
	OR  reduce 51
	IN  reduce 51
	DO  reduce 51
	EOL  reduce 51


105: shift/reduce conflict (shift 61, reduce 52) on LSQUARE
105: shift/reduce conflict (shift 74, reduce 52) on RANGE
state 105
	expr : expr . PLUS expr  (49)
	expr : expr . MINUS expr  (50)
	expr : expr . TIMES expr  (51)
	expr : expr . DIVIDE expr  (52)
	expr : expr DIVIDE expr .  (52)
	expr : expr . EXP expr  (53)
	expr : expr . EQ expr  (54)
	expr : expr . NEQ expr  (55)
	expr : expr . LT expr  (56)
	expr : expr . LEQ expr  (57)
	expr : expr . GT expr  (58)
	expr : expr . GEQ expr  (59)
	expr : expr . AND expr  (60)
	expr : expr . OR expr  (61)
	expr : expr . MOD expr  (62)
	expr : expr . RANGE expr  (63)
	expr : expr . LSQUARE expr RSQUARE  (74)
	expr : expr . LSQUARE expr COLON expr RSQUARE  (75)

	LSQUARE  shift 61
	EXP  shift 67
	RANGE  shift 74
	RPAREN  reduce 52
	RSQUARE  reduce 52
	COMMA  reduce 52
	COLON  reduce 52
	PLUS  reduce 52
	MINUS  reduce 52
	TIMES  reduce 52
	DIVIDE  reduce 52
	MOD  reduce 52
	EQ  reduce 52
	NEQ  reduce 52
	LT  reduce 52
	LEQ  reduce 52
	GT  reduce 52
	GEQ  reduce 52
	AND  reduce 52
	OR  reduce 52
	IN  reduce 52
	DO  reduce 52
	EOL  reduce 52


106: shift/reduce conflict (shift 61, reduce 62) on LSQUARE
106: shift/reduce conflict (shift 74, reduce 62) on RANGE
state 106
	expr : expr . PLUS expr  (49)
	expr : expr . MINUS expr  (50)
	expr : expr . TIMES expr  (51)
	expr : expr . DIVIDE expr  (52)
	expr : expr . EXP expr  (53)
	expr : expr . EQ expr  (54)
	expr : expr . NEQ expr  (55)
	expr : expr . LT expr  (56)
	expr : expr . LEQ expr  (57)
	expr : expr . GT expr  (58)
	expr : expr . GEQ expr  (59)
	expr : expr . AND expr  (60)
	expr : expr . OR expr  (61)
	expr : expr . MOD expr  (62)
	expr : expr MOD expr .  (62)
	expr : expr . RANGE expr  (63)
	expr : expr . LSQUARE expr RSQUARE  (74)
	expr : expr . LSQUARE expr COLON expr RSQUARE  (75)

	LSQUARE  shift 61
	EXP  shift 67
	RANGE  shift 74
	RPAREN  reduce 62
	RSQUARE  reduce 62
	COMMA  reduce 62
	COLON  reduce 62
	PLUS  reduce 62
	MINUS  reduce 62
	TIMES  reduce 62
	DIVIDE  reduce 62
	MOD  reduce 62
	EQ  reduce 62
	NEQ  reduce 62
	LT  reduce 62
	LEQ  reduce 62
	GT  reduce 62
	GEQ  reduce 62
	AND  reduce 62
	OR  reduce 62
	IN  reduce 62
	DO  reduce 62
	EOL  reduce 62


107: shift/reduce conflict (shift 61, reduce 53) on LSQUARE
107: shift/reduce conflict (shift 74, reduce 53) on RANGE
state 107
	expr : expr . PLUS expr  (49)
	expr : expr . MINUS expr  (50)
	expr : expr . TIMES expr  (51)
	expr : expr . DIVIDE expr  (52)
	expr : expr . EXP expr  (53)
	expr : expr EXP expr .  (53)
	expr : expr . EQ expr  (54)
	expr : expr . NEQ expr  (55)
	expr : expr . LT expr  (56)
	expr : expr . LEQ expr  (57)
	expr : expr . GT expr  (58)
	expr : expr . GEQ expr  (59)
	expr : expr . AND expr  (60)
	expr : expr . OR expr  (61)
	expr : expr . MOD expr  (62)
	expr : expr . RANGE expr  (63)
	expr : expr . LSQUARE expr RSQUARE  (74)
	expr : expr . LSQUARE expr COLON expr RSQUARE  (75)

	LSQUARE  shift 61
	RANGE  shift 74
	RPAREN  reduce 53
	RSQUARE  reduce 53
	COMMA  reduce 53
	COLON  reduce 53
	PLUS  reduce 53
	MINUS  reduce 53
	TIMES  reduce 53
	DIVIDE  reduce 53
	MOD  reduce 53
	EXP  reduce 53
	EQ  reduce 53
	NEQ  reduce 53
	LT  reduce 53
	LEQ  reduce 53
	GT  reduce 53
	GEQ  reduce 53
	AND  reduce 53
	OR  reduce 53
	IN  reduce 53
	DO  reduce 53
	EOL  reduce 53


108: shift/reduce conflict (shift 61, reduce 54) on LSQUARE
108: shift/reduce conflict (shift 74, reduce 54) on RANGE
state 108
	expr : expr . PLUS expr  (49)
	expr : expr . MINUS expr  (50)
	expr : expr . TIMES expr  (51)
	expr : expr . DIVIDE expr  (52)
	expr : expr . EXP expr  (53)
	expr : expr . EQ expr  (54)
	expr : expr EQ expr .  (54)
	expr : expr . NEQ expr  (55)
	expr : expr . LT expr  (56)
	expr : expr . LEQ expr  (57)
	expr : expr . GT expr  (58)
	expr : expr . GEQ expr  (59)
	expr : expr . AND expr  (60)
	expr : expr . OR expr  (61)
	expr : expr . MOD expr  (62)
	expr : expr . RANGE expr  (63)
	expr : expr . LSQUARE expr RSQUARE  (74)
	expr : expr . LSQUARE expr COLON expr RSQUARE  (75)

	LSQUARE  shift 61
	PLUS  shift 62
	MINUS  shift 63
	TIMES  shift 64
	DIVIDE  shift 65
	MOD  shift 66
	EXP  shift 67
	LT  shift 70
	LEQ  shift 71
	GT  shift 72
	GEQ  shift 73
	RANGE  shift 74
	RPAREN  reduce 54
	RSQUARE  reduce 54
	COMMA  reduce 54
	COLON  reduce 54
	EQ  reduce 54
	NEQ  reduce 54
	AND  reduce 54
	OR  reduce 54
	IN  reduce 54
	DO  reduce 54
	EOL  reduce 54


109: shift/reduce conflict (shift 61, reduce 55) on LSQUARE
109: shift/reduce conflict (shift 74, reduce 55) on RANGE
state 109
	expr : expr . PLUS expr  (49)
	expr : expr . MINUS expr  (50)
	expr : expr . TIMES expr  (51)
	expr : expr . DIVIDE expr  (52)
	expr : expr . EXP expr  (53)
	expr : expr . EQ expr  (54)
	expr : expr . NEQ expr  (55)
	expr : expr NEQ expr .  (55)
	expr : expr . LT expr  (56)
	expr : expr . LEQ expr  (57)
	expr : expr . GT expr  (58)
	expr : expr . GEQ expr  (59)
	expr : expr . AND expr  (60)
	expr : expr . OR expr  (61)
	expr : expr . MOD expr  (62)
	expr : expr . RANGE expr  (63)
	expr : expr . LSQUARE expr RSQUARE  (74)
	expr : expr . LSQUARE expr COLON expr RSQUARE  (75)

	LSQUARE  shift 61
	PLUS  shift 62
	MINUS  shift 63
	TIMES  shift 64
	DIVIDE  shift 65
	MOD  shift 66
	EXP  shift 67
	LT  shift 70
	LEQ  shift 71
	GT  shift 72
	GEQ  shift 73
	RANGE  shift 74
	RPAREN  reduce 55
	RSQUARE  reduce 55
	COMMA  reduce 55
	COLON  reduce 55
	EQ  reduce 55
	NEQ  reduce 55
	AND  reduce 55
	OR  reduce 55
	IN  reduce 55
	DO  reduce 55
	EOL  reduce 55


110: shift/reduce conflict (shift 61, reduce 56) on LSQUARE
110: shift/reduce conflict (shift 74, reduce 56) on RANGE
state 110
	expr : expr . PLUS expr  (49)
	expr : expr . MINUS expr  (50)
	expr : expr . TIMES expr  (51)
	expr : expr . DIVIDE expr  (52)
	expr : expr . EXP expr  (53)
	expr : expr . EQ expr  (54)
	expr : expr . NEQ expr  (55)
	expr : expr . LT expr  (56)
	expr : expr LT expr .  (56)
	expr : expr . LEQ expr  (57)
	expr : expr . GT expr  (58)
	expr : expr . GEQ expr  (59)
	expr : expr . AND expr  (60)
	expr : expr . OR expr  (61)
	expr : expr . MOD expr  (62)
	expr : expr . RANGE expr  (63)
	expr : expr . LSQUARE expr RSQUARE  (74)
	expr : expr . LSQUARE expr COLON expr RSQUARE  (75)

	LSQUARE  shift 61
	PLUS  shift 62
	MINUS  shift 63
	TIMES  shift 64
	DIVIDE  shift 65
	MOD  shift 66
	EXP  shift 67
	RANGE  shift 74
	RPAREN  reduce 56
	RSQUARE  reduce 56
	COMMA  reduce 56
	COLON  reduce 56
	EQ  reduce 56
	NEQ  reduce 56
	LT  reduce 56
	LEQ  reduce 56
	GT  reduce 56
	GEQ  reduce 56
	AND  reduce 56
	OR  reduce 56
	IN  reduce 56
	DO  reduce 56
	EOL  reduce 56


111: shift/reduce conflict (shift 61, reduce 57) on LSQUARE
111: shift/reduce conflict (shift 74, reduce 57) on RANGE
state 111
	expr : expr . PLUS expr  (49)
	expr : expr . MINUS expr  (50)
	expr : expr . TIMES expr  (51)
	expr : expr . DIVIDE expr  (52)
	expr : expr . EXP expr  (53)
	expr : expr . EQ expr  (54)
	expr : expr . NEQ expr  (55)
	expr : expr . LT expr  (56)
	expr : expr . LEQ expr  (57)
	expr : expr LEQ expr .  (57)
	expr : expr . GT expr  (58)
	expr : expr . GEQ expr  (59)
	expr : expr . AND expr  (60)
	expr : expr . OR expr  (61)
	expr : expr . MOD expr  (62)
	expr : expr . RANGE expr  (63)
	expr : expr . LSQUARE expr RSQUARE  (74)
	expr : expr . LSQUARE expr COLON expr RSQUARE  (75)

	LSQUARE  shift 61
	PLUS  shift 62
	MINUS  shift 63
	TIMES  shift 64
	DIVIDE  shift 65
	MOD  shift 66
	EXP  shift 67
	RANGE  shift 74
	RPAREN  reduce 57
	RSQUARE  reduce 57
	COMMA  reduce 57
	COLON  reduce 57
	EQ  reduce 57
	NEQ  reduce 57
	LT  reduce 57
	LEQ  reduce 57
	GT  reduce 57
	GEQ  reduce 57
	AND  reduce 57
	OR  reduce 57
	IN  reduce 57
	DO  reduce 57
	EOL  reduce 57


112: shift/reduce conflict (shift 61, reduce 58) on LSQUARE
112: shift/reduce conflict (shift 74, reduce 58) on RANGE
state 112
	expr : expr . PLUS expr  (49)
	expr : expr . MINUS expr  (50)
	expr : expr . TIMES expr  (51)
	expr : expr . DIVIDE expr  (52)
	expr : expr . EXP expr  (53)
	expr : expr . EQ expr  (54)
	expr : expr . NEQ expr  (55)
	expr : expr . LT expr  (56)
	expr : expr . LEQ expr  (57)
	expr : expr . GT expr  (58)
	expr : expr GT expr .  (58)
	expr : expr . GEQ expr  (59)
	expr : expr . AND expr  (60)
	expr : expr . OR expr  (61)
	expr : expr . MOD expr  (62)
	expr : expr . RANGE expr  (63)
	expr : expr . LSQUARE expr RSQUARE  (74)
	expr : expr . LSQUARE expr COLON expr RSQUARE  (75)

	LSQUARE  shift 61
	PLUS  shift 62
	MINUS  shift 63
	TIMES  shift 64
	DIVIDE  shift 65
	MOD  shift 66
	EXP  shift 67
	RANGE  shift 74
	RPAREN  reduce 58
	RSQUARE  reduce 58
	COMMA  reduce 58
	COLON  reduce 58
	EQ  reduce 58
	NEQ  reduce 58
	LT  reduce 58
	LEQ  reduce 58
	GT  reduce 58
	GEQ  reduce 58
	AND  reduce 58
	OR  reduce 58
	IN  reduce 58
	DO  reduce 58
	EOL  reduce 58


113: shift/reduce conflict (shift 61, reduce 59) on LSQUARE
113: shift/reduce conflict (shift 74, reduce 59) on RANGE
state 113
	expr : expr . PLUS expr  (49)
	expr : expr . MINUS expr  (50)
	expr : expr . TIMES expr  (51)
	expr : expr . DIVIDE expr  (52)
	expr : expr . EXP expr  (53)
	expr : expr . EQ expr  (54)
	expr : expr . NEQ expr  (55)
	expr : expr . LT expr  (56)
	expr : expr . LEQ expr  (57)
	expr : expr . GT expr  (58)
	expr : expr . GEQ expr  (59)
	expr : expr GEQ expr .  (59)
	expr : expr . AND expr  (60)
	expr : expr . OR expr  (61)
	expr : expr . MOD expr  (62)
	expr : expr . RANGE expr  (63)
	expr : expr . LSQUARE expr RSQUARE  (74)
	expr : expr . LSQUARE expr COLON expr RSQUARE  (75)

	LSQUARE  shift 61
	PLUS  shift 62
	MINUS  shift 63
	TIMES  shift 64
	DIVIDE  shift 65
	MOD  shift 66
	EXP  shift 67
	RANGE  shift 74
	RPAREN  reduce 59
	RSQUARE  reduce 59
	COMMA  reduce 59
	COLON  reduce 59
	EQ  reduce 59
	NEQ  reduce 59
	LT  reduce 59
	LEQ  reduce 59
	GT  reduce 59
	GEQ  reduce 59
	AND  reduce 59
	OR  reduce 59
	IN  reduce 59
	DO  reduce 59
	EOL  reduce 59


114: shift/reduce conflict (shift 61, reduce 63) on LSQUARE
114: shift/reduce conflict (shift 62, reduce 63) on PLUS
114: shift/reduce conflict (shift 63, reduce 63) on MINUS
114: shift/reduce conflict (shift 64, reduce 63) on TIMES
114: shift/reduce conflict (shift 65, reduce 63) on DIVIDE
114: shift/reduce conflict (shift 66, reduce 63) on MOD
114: shift/reduce conflict (shift 67, reduce 63) on EXP
114: shift/reduce conflict (shift 68, reduce 63) on EQ
114: shift/reduce conflict (shift 69, reduce 63) on NEQ
114: shift/reduce conflict (shift 70, reduce 63) on LT
114: shift/reduce conflict (shift 71, reduce 63) on LEQ
114: shift/reduce conflict (shift 72, reduce 63) on GT
114: shift/reduce conflict (shift 73, reduce 63) on GEQ
114: shift/reduce conflict (shift 74, reduce 63) on RANGE
114: shift/reduce conflict (shift 75, reduce 63) on AND
114: shift/reduce conflict (shift 76, reduce 63) on OR
state 114
	expr : expr . PLUS expr  (49)
	expr : expr . MINUS expr  (50)
	expr : expr . TIMES expr  (51)
	expr : expr . DIVIDE expr  (52)
	expr : expr . EXP expr  (53)
	expr : expr . EQ expr  (54)
	expr : expr . NEQ expr  (55)
	expr : expr . LT expr  (56)
	expr : expr . LEQ expr  (57)
	expr : expr . GT expr  (58)
	expr : expr . GEQ expr  (59)
	expr : expr . AND expr  (60)
	expr : expr . OR expr  (61)
	expr : expr . MOD expr  (62)
	expr : expr . RANGE expr  (63)
	expr : expr RANGE expr .  (63)
	expr : expr . LSQUARE expr RSQUARE  (74)
	expr : expr . LSQUARE expr COLON expr RSQUARE  (75)

	LSQUARE  shift 61
	PLUS  shift 62
	MINUS  shift 63
	TIMES  shift 64
	DIVIDE  shift 65
	MOD  shift 66
	EXP  shift 67
	EQ  shift 68
	NEQ  shift 69
	LT  shift 70
	LEQ  shift 71
	GT  shift 72
	GEQ  shift 73
	RANGE  shift 74
	AND  shift 75
	OR  shift 76
	RPAREN  reduce 63
	RSQUARE  reduce 63
	COMMA  reduce 63
	COLON  reduce 63
	IN  reduce 63
	DO  reduce 63
	EOL  reduce 63


115: shift/reduce conflict (shift 61, reduce 60) on LSQUARE
115: shift/reduce conflict (shift 74, reduce 60) on RANGE
state 115
	expr : expr . PLUS expr  (49)
	expr : expr . MINUS expr  (50)
	expr : expr . TIMES expr  (51)
	expr : expr . DIVIDE expr  (52)
	expr : expr . EXP expr  (53)
	expr : expr . EQ expr  (54)
	expr : expr . NEQ expr  (55)
	expr : expr . LT expr  (56)
	expr : expr . LEQ expr  (57)
	expr : expr . GT expr  (58)
	expr : expr . GEQ expr  (59)
	expr : expr . AND expr  (60)
	expr : expr AND expr .  (60)
	expr : expr . OR expr  (61)
	expr : expr . MOD expr  (62)
	expr : expr . RANGE expr  (63)
	expr : expr . LSQUARE expr RSQUARE  (74)
	expr : expr . LSQUARE expr COLON expr RSQUARE  (75)

	LSQUARE  shift 61
	PLUS  shift 62
	MINUS  shift 63
	TIMES  shift 64
	DIVIDE  shift 65
	MOD  shift 66
	EXP  shift 67
	EQ  shift 68
	NEQ  shift 69
	LT  shift 70
	LEQ  shift 71
	GT  shift 72
	GEQ  shift 73
	RANGE  shift 74
	RPAREN  reduce 60
	RSQUARE  reduce 60
	COMMA  reduce 60
	COLON  reduce 60
	AND  reduce 60
	OR  reduce 60
	IN  reduce 60
	DO  reduce 60
	EOL  reduce 60


116: shift/reduce conflict (shift 61, reduce 61) on LSQUARE
116: shift/reduce conflict (shift 74, reduce 61) on RANGE
state 116
	expr : expr . PLUS expr  (49)
	expr : expr . MINUS expr  (50)
	expr : expr . TIMES expr  (51)
	expr : expr . DIVIDE expr  (52)
	expr : expr . EXP expr  (53)
	expr : expr . EQ expr  (54)
	expr : expr . NEQ expr  (55)
	expr : expr . LT expr  (56)
	expr : expr . LEQ expr  (57)
	expr : expr . GT expr  (58)
	expr : expr . GEQ expr  (59)
	expr : expr . AND expr  (60)
	expr : expr . OR expr  (61)
	expr : expr OR expr .  (61)
	expr : expr . MOD expr  (62)
	expr : expr . RANGE expr  (63)
	expr : expr . LSQUARE expr RSQUARE  (74)
	expr : expr . LSQUARE expr COLON expr RSQUARE  (75)

	LSQUARE  shift 61
	PLUS  shift 62
	MINUS  shift 63
	TIMES  shift 64
	DIVIDE  shift 65
	MOD  shift 66
	EXP  shift 67
	EQ  shift 68
	NEQ  shift 69
	LT  shift 70
	LEQ  shift 71
	GT  shift 72
	GEQ  shift 73
	RANGE  shift 74
	AND  shift 75
	RPAREN  reduce 61
	RSQUARE  reduce 61
	COMMA  reduce 61
	COLON  reduce 61
	OR  reduce 61
	IN  reduce 61
	DO  reduce 61
	EOL  reduce 61


state 117
	expr : expr . PLUS expr  (49)
	expr : expr . MINUS expr  (50)
	expr : expr . TIMES expr  (51)
	expr : expr . DIVIDE expr  (52)
	expr : expr . EXP expr  (53)
	expr : expr . EQ expr  (54)
	expr : expr . NEQ expr  (55)
	expr : expr . LT expr  (56)
	expr : expr . LEQ expr  (57)
	expr : expr . GT expr  (58)
	expr : expr . GEQ expr  (59)
	expr : expr . AND expr  (60)
	expr : expr . OR expr  (61)
	expr : expr . MOD expr  (62)
	expr : expr . RANGE expr  (63)
	expr : expr . LSQUARE expr RSQUARE  (74)
	expr : expr . LSQUARE expr COLON expr RSQUARE  (75)
	list_literal : list_literal COMMA expr .  (78)

	LSQUARE  shift 61
	PLUS  shift 62
	MINUS  shift 63
	TIMES  shift 64
	DIVIDE  shift 65
	MOD  shift 66
	EXP  shift 67
	EQ  shift 68
	NEQ  shift 69
	LT  shift 70
	LEQ  shift 71
	GT  shift 72
	GEQ  shift 73
	RANGE  shift 74
	AND  shift 75
	OR  shift 76
	RSQUARE  reduce 78
	COMMA  reduce 78


state 118
	internal_if : expr DO EOL . stmt_list elif_list else_list END  (35)
	stmt_list : .  (24)

	.  reduce 24

	stmt_list  goto 130


state 119
	stmt : FOR expr IN expr . DO stmt_list END EOL  (30)
	expr : expr . PLUS expr  (49)
	expr : expr . MINUS expr  (50)
	expr : expr . TIMES expr  (51)
	expr : expr . DIVIDE expr  (52)
	expr : expr . EXP expr  (53)
	expr : expr . EQ expr  (54)
	expr : expr . NEQ expr  (55)
	expr : expr . LT expr  (56)
	expr : expr . LEQ expr  (57)
	expr : expr . GT expr  (58)
	expr : expr . GEQ expr  (59)
	expr : expr . AND expr  (60)
	expr : expr . OR expr  (61)
	expr : expr . MOD expr  (62)
	expr : expr . RANGE expr  (63)
	expr : expr . LSQUARE expr RSQUARE  (74)
	expr : expr . LSQUARE expr COLON expr RSQUARE  (75)

	LSQUARE  shift 61
	PLUS  shift 62
	MINUS  shift 63
	TIMES  shift 64
	DIVIDE  shift 65
	MOD  shift 66
	EXP  shift 67
	EQ  shift 68
	NEQ  shift 69
	LT  shift 70
	LEQ  shift 71
	GT  shift 72
	GEQ  shift 73
	RANGE  shift 74
	AND  shift 75
	OR  shift 76
	DO  shift 131
	.  error


state 120
	stmt_list : stmt_list . stmt  (25)
	stmt : WHILE expr DO stmt_list . END EOL  (31)

	LPAREN  shift 5
	LSQUARE  shift 6
	MINUS  shift 7
	NOT  shift 8
	IF  shift 9
	FOR  shift 10
	WHILE  shift 11
	BREAK  shift 12
	CONTINUE  shift 13
	RETURN  shift 14
	END  shift 132
	INT  shift 15
	FLOAT  shift 16
	BOOL  shift 17
	STRING  shift 18
	CHAR  shift 19
	VOID  shift 20
	LIST  shift 21
	BLIT  shift 22
	LITERAL  shift 23
	FLIT  shift 24
	ID  shift 25
	CLIT  shift 26
	SLIT  shift 27
	EOL  shift 28
	.  error

	vdecl  goto 133
	stmt  goto 134
	typ  goto 135
	expr  goto 34


state 121
	typ : LIST LT typ GT .  (20)

	.  reduce 20


state 122
	expr : ID LPAREN args_opt RPAREN .  (73)

	.  reduce 73


state 123
	args_list : args_list COMMA . expr  (82)

	LPAREN  shift 37
	LSQUARE  shift 6
	MINUS  shift 7
	NOT  shift 8
	BLIT  shift 22
	LITERAL  shift 23
	FLIT  shift 24
	ID  shift 25
	CLIT  shift 26
	SLIT  shift 27
	.  error

	expr  goto 136


state 124
	formals_list : typ . ID  (12)
	typ : typ . ARROW typ  (22)

	ARROW  shift 59
	ID  shift 137
	.  error


state 125
	fdecl : typ ID LPAREN formals_opt . RPAREN EOL fbody END EOL  (6)

	RPAREN  shift 138
	.  error


state 126
	formals_opt : formals_list .  (11)
	formals_list : formals_list . COMMA typ ID  (13)

	COMMA  shift 139
	RPAREN  reduce 11


state 127
	vdecl : typ ID ASSIGN expr . EOL  (23)
	expr : expr . PLUS expr  (49)
	expr : expr . MINUS expr  (50)
	expr : expr . TIMES expr  (51)
	expr : expr . DIVIDE expr  (52)
	expr : expr . EXP expr  (53)
	expr : expr . EQ expr  (54)
	expr : expr . NEQ expr  (55)
	expr : expr . LT expr  (56)
	expr : expr . LEQ expr  (57)
	expr : expr . GT expr  (58)
	expr : expr . GEQ expr  (59)
	expr : expr . AND expr  (60)
	expr : expr . OR expr  (61)
	expr : expr . MOD expr  (62)
	expr : expr . RANGE expr  (63)
	expr : expr . LSQUARE expr RSQUARE  (74)
	expr : expr . LSQUARE expr COLON expr RSQUARE  (75)

	LSQUARE  shift 61
	PLUS  shift 62
	MINUS  shift 63
	TIMES  shift 64
	DIVIDE  shift 65
	MOD  shift 66
	EXP  shift 67
	EQ  shift 68
	NEQ  shift 69
	LT  shift 70
	LEQ  shift 71
	GT  shift 72
	GEQ  shift 73
	RANGE  shift 74
	AND  shift 75
	OR  shift 76
	EOL  shift 140
	.  error


state 128
	expr : expr LSQUARE expr RSQUARE .  (74)

	.  reduce 74


state 129
	expr : expr LSQUARE expr COLON . expr RSQUARE  (75)

	LPAREN  shift 37
	LSQUARE  shift 6
	MINUS  shift 7
	NOT  shift 8
	BLIT  shift 22
	LITERAL  shift 23
	FLIT  shift 24
	ID  shift 25
	CLIT  shift 26
	SLIT  shift 27
	.  error

	expr  goto 141


state 130
	stmt_list : stmt_list . stmt  (25)
	internal_if : expr DO EOL stmt_list . elif_list else_list END  (35)
	elif_list : .  (36)

	LPAREN  shift 5
	LSQUARE  shift 6
	MINUS  shift 7
	NOT  shift 8
	IF  shift 9
	ELSEIF  shift 142
	FOR  shift 10
	WHILE  shift 11
	BREAK  shift 12
	CONTINUE  shift 13
	RETURN  shift 14
	INT  shift 15
	FLOAT  shift 16
	BOOL  shift 17
	STRING  shift 18
	CHAR  shift 19
	VOID  shift 20
	LIST  shift 21
	BLIT  shift 22
	LITERAL  shift 23
	FLIT  shift 24
	ID  shift 25
	CLIT  shift 26
	SLIT  shift 27
	EOL  shift 28
	ELSE  reduce 36
	END  reduce 36

	vdecl  goto 133
	stmt  goto 134
	typ  goto 135
	expr  goto 34
	elif_list  goto 143
	elif  goto 144


state 131
	stmt : FOR expr IN expr DO . stmt_list END EOL  (30)
	stmt_list : .  (24)

	.  reduce 24

	stmt_list  goto 145


state 132
	stmt : WHILE expr DO stmt_list END . EOL  (31)

	EOL  shift 146
	.  error


state 133
	stmt : vdecl . EOL  (34)

	EOL  shift 58
	.  error


state 134
	stmt_list : stmt_list stmt .  (25)

	.  reduce 25


state 135
	typ : typ . ARROW typ  (22)
	vdecl : typ . ID ASSIGN expr EOL  (23)

	ARROW  shift 59
	ID  shift 147
	.  error


state 136
	expr : expr . PLUS expr  (49)
	expr : expr . MINUS expr  (50)
	expr : expr . TIMES expr  (51)
	expr : expr . DIVIDE expr  (52)
	expr : expr . EXP expr  (53)
	expr : expr . EQ expr  (54)
	expr : expr . NEQ expr  (55)
	expr : expr . LT expr  (56)
	expr : expr . LEQ expr  (57)
	expr : expr . GT expr  (58)
	expr : expr . GEQ expr  (59)
	expr : expr . AND expr  (60)
	expr : expr . OR expr  (61)
	expr : expr . MOD expr  (62)
	expr : expr . RANGE expr  (63)
	expr : expr . LSQUARE expr RSQUARE  (74)
	expr : expr . LSQUARE expr COLON expr RSQUARE  (75)
	args_list : args_list COMMA expr .  (82)

	LSQUARE  shift 61
	PLUS  shift 62
	MINUS  shift 63
	TIMES  shift 64
	DIVIDE  shift 65
	MOD  shift 66
	EXP  shift 67
	EQ  shift 68
	NEQ  shift 69
	LT  shift 70
	LEQ  shift 71
	GT  shift 72
	GEQ  shift 73
	RANGE  shift 74
	AND  shift 75
	OR  shift 76
	RPAREN  reduce 82
	COMMA  reduce 82


state 137
	formals_list : typ ID .  (12)

	.  reduce 12


state 138
	fdecl : typ ID LPAREN formals_opt RPAREN . EOL fbody END EOL  (6)

	EOL  shift 148
	.  error


state 139
	formals_list : formals_list COMMA . typ ID  (13)

	LPAREN  shift 87
	INT  shift 15
	FLOAT  shift 16
	BOOL  shift 17
	STRING  shift 18
	CHAR  shift 19
	VOID  shift 20
	LIST  shift 21
	.  error

	typ  goto 149


state 140
	vdecl : typ ID ASSIGN expr EOL .  (23)

	.  reduce 23


state 141
	expr : expr . PLUS expr  (49)
	expr : expr . MINUS expr  (50)
	expr : expr . TIMES expr  (51)
	expr : expr . DIVIDE expr  (52)
	expr : expr . EXP expr  (53)
	expr : expr . EQ expr  (54)
	expr : expr . NEQ expr  (55)
	expr : expr . LT expr  (56)
	expr : expr . LEQ expr  (57)
	expr : expr . GT expr  (58)
	expr : expr . GEQ expr  (59)
	expr : expr . AND expr  (60)
	expr : expr . OR expr  (61)
	expr : expr . MOD expr  (62)
	expr : expr . RANGE expr  (63)
	expr : expr . LSQUARE expr RSQUARE  (74)
	expr : expr . LSQUARE expr COLON expr RSQUARE  (75)
	expr : expr LSQUARE expr COLON expr . RSQUARE  (75)

	LSQUARE  shift 61
	RSQUARE  shift 150
	PLUS  shift 62
	MINUS  shift 63
	TIMES  shift 64
	DIVIDE  shift 65
	MOD  shift 66
	EXP  shift 67
	EQ  shift 68
	NEQ  shift 69
	LT  shift 70
	LEQ  shift 71
	GT  shift 72
	GEQ  shift 73
	RANGE  shift 74
	AND  shift 75
	OR  shift 76
	.  error


state 142
	elif : ELSEIF . expr EOL stmt_list  (38)

	LPAREN  shift 37
	LSQUARE  shift 6
	MINUS  shift 7
	NOT  shift 8
	BLIT  shift 22
	LITERAL  shift 23
	FLIT  shift 24
	ID  shift 25
	CLIT  shift 26
	SLIT  shift 27
	.  error

	expr  goto 151


state 143
	internal_if : expr DO EOL stmt_list elif_list . else_list END  (35)
	else_list : .  (39)

	ELSE  shift 152
	END  reduce 39

	else_list  goto 153


state 144
	elif_list : elif . elif_list  (37)
	elif_list : .  (36)

	ELSEIF  shift 142
	ELSE  reduce 36
	END  reduce 36

	elif_list  goto 154
	elif  goto 144


state 145
	stmt_list : stmt_list . stmt  (25)
	stmt : FOR expr IN expr DO stmt_list . END EOL  (30)

	LPAREN  shift 5
	LSQUARE  shift 6
	MINUS  shift 7
	NOT  shift 8
	IF  shift 9
	FOR  shift 10
	WHILE  shift 11
	BREAK  shift 12
	CONTINUE  shift 13
	RETURN  shift 14
	END  shift 155
	INT  shift 15
	FLOAT  shift 16
	BOOL  shift 17
	STRING  shift 18
	CHAR  shift 19
	VOID  shift 20
	LIST  shift 21
	BLIT  shift 22
	LITERAL  shift 23
	FLIT  shift 24
	ID  shift 25
	CLIT  shift 26
	SLIT  shift 27
	EOL  shift 28
	.  error

	vdecl  goto 133
	stmt  goto 134
	typ  goto 135
	expr  goto 34


state 146
	stmt : WHILE expr DO stmt_list END EOL .  (31)

	.  reduce 31


state 147
	vdecl : typ ID . ASSIGN expr EOL  (23)

	ASSIGN  shift 100
	.  error


state 148
	fdecl : typ ID LPAREN formals_opt RPAREN EOL . fbody END EOL  (6)
	fbody : .  (7)

	.  reduce 7

	fbody  goto 156


state 149
	formals_list : formals_list COMMA typ . ID  (13)
	typ : typ . ARROW typ  (22)

	ARROW  shift 59
	ID  shift 157
	.  error


state 150
	expr : expr LSQUARE expr COLON expr RSQUARE .  (75)

	.  reduce 75


state 151
	elif : ELSEIF expr . EOL stmt_list  (38)
	expr : expr . PLUS expr  (49)
	expr : expr . MINUS expr  (50)
	expr : expr . TIMES expr  (51)
	expr : expr . DIVIDE expr  (52)
	expr : expr . EXP expr  (53)
	expr : expr . EQ expr  (54)
	expr : expr . NEQ expr  (55)
	expr : expr . LT expr  (56)
	expr : expr . LEQ expr  (57)
	expr : expr . GT expr  (58)
	expr : expr . GEQ expr  (59)
	expr : expr . AND expr  (60)
	expr : expr . OR expr  (61)
	expr : expr . MOD expr  (62)
	expr : expr . RANGE expr  (63)
	expr : expr . LSQUARE expr RSQUARE  (74)
	expr : expr . LSQUARE expr COLON expr RSQUARE  (75)

	LSQUARE  shift 61
	PLUS  shift 62
	MINUS  shift 63
	TIMES  shift 64
	DIVIDE  shift 65
	MOD  shift 66
	EXP  shift 67
	EQ  shift 68
	NEQ  shift 69
	LT  shift 70
	LEQ  shift 71
	GT  shift 72
	GEQ  shift 73
	RANGE  shift 74
	AND  shift 75
	OR  shift 76
	EOL  shift 158
	.  error


state 152
	else_list : ELSE . EOL stmt_list  (40)

	EOL  shift 159
	.  error


state 153
	internal_if : expr DO EOL stmt_list elif_list else_list . END  (35)

	END  shift 160
	.  error


state 154
	elif_list : elif elif_list .  (37)

	.  reduce 37


state 155
	stmt : FOR expr IN expr DO stmt_list END . EOL  (30)

	EOL  shift 161
	.  error


state 156
	fdecl : typ ID LPAREN formals_opt RPAREN EOL fbody . END EOL  (6)
	fbody : fbody . vdecl  (8)
	fbody : fbody . stmt  (9)

	LPAREN  shift 5
	LSQUARE  shift 6
	MINUS  shift 7
	NOT  shift 8
	IF  shift 9
	FOR  shift 10
	WHILE  shift 11
	BREAK  shift 12
	CONTINUE  shift 13
	RETURN  shift 14
	END  shift 162
	INT  shift 15
	FLOAT  shift 16
	BOOL  shift 17
	STRING  shift 18
	CHAR  shift 19
	VOID  shift 20
	LIST  shift 21
	BLIT  shift 22
	LITERAL  shift 23
	FLIT  shift 24
	ID  shift 25
	CLIT  shift 26
	SLIT  shift 27
	EOL  shift 28
	.  error

	vdecl  goto 163
	stmt  goto 164
	typ  goto 135
	expr  goto 34


state 157
	formals_list : formals_list COMMA typ ID .  (13)

	.  reduce 13


state 158
	elif : ELSEIF expr EOL . stmt_list  (38)
	stmt_list : .  (24)

	.  reduce 24

	stmt_list  goto 165


state 159
	else_list : ELSE EOL . stmt_list  (40)
	stmt_list : .  (24)

	.  reduce 24

	stmt_list  goto 166


state 160
	internal_if : expr DO EOL stmt_list elif_list else_list END .  (35)

	.  reduce 35


state 161
	stmt : FOR expr IN expr DO stmt_list END EOL .  (30)

	.  reduce 30


state 162
	fdecl : typ ID LPAREN formals_opt RPAREN EOL fbody END . EOL  (6)

	EOL  shift 167
	.  error


163: shift/reduce conflict (shift 58, reduce 8) on EOL
state 163
	fbody : fbody vdecl .  (8)
	stmt : vdecl . EOL  (34)

	EOL  shift 58
	LPAREN  reduce 8
	LSQUARE  reduce 8
	MINUS  reduce 8
	NOT  reduce 8
	IF  reduce 8
	FOR  reduce 8
	WHILE  reduce 8
	BREAK  reduce 8
	CONTINUE  reduce 8
	RETURN  reduce 8
	END  reduce 8
	INT  reduce 8
	FLOAT  reduce 8
	BOOL  reduce 8
	STRING  reduce 8
	CHAR  reduce 8
	VOID  reduce 8
	LIST  reduce 8
	BLIT  reduce 8
	LITERAL  reduce 8
	FLIT  reduce 8
	ID  reduce 8
	CLIT  reduce 8
	SLIT  reduce 8


state 164
	fbody : fbody stmt .  (9)

	.  reduce 9


state 165
	stmt_list : stmt_list . stmt  (25)
	elif : ELSEIF expr EOL stmt_list .  (38)

	LPAREN  shift 5
	LSQUARE  shift 6
	MINUS  shift 7
	NOT  shift 8
	IF  shift 9
	FOR  shift 10
	WHILE  shift 11
	BREAK  shift 12
	CONTINUE  shift 13
	RETURN  shift 14
	INT  shift 15
	FLOAT  shift 16
	BOOL  shift 17
	STRING  shift 18
	CHAR  shift 19
	VOID  shift 20
	LIST  shift 21
	BLIT  shift 22
	LITERAL  shift 23
	FLIT  shift 24
	ID  shift 25
	CLIT  shift 26
	SLIT  shift 27
	EOL  shift 28
	ELSEIF  reduce 38
	ELSE  reduce 38
	END  reduce 38

	vdecl  goto 133
	stmt  goto 134
	typ  goto 135
	expr  goto 34


state 166
	stmt_list : stmt_list . stmt  (25)
	else_list : ELSE EOL stmt_list .  (40)

	LPAREN  shift 5
	LSQUARE  shift 6
	MINUS  shift 7
	NOT  shift 8
	IF  shift 9
	FOR  shift 10
	WHILE  shift 11
	BREAK  shift 12
	CONTINUE  shift 13
	RETURN  shift 14
	INT  shift 15
	FLOAT  shift 16
	BOOL  shift 17
	STRING  shift 18
	CHAR  shift 19
	VOID  shift 20
	LIST  shift 21
	BLIT  shift 22
	LITERAL  shift 23
	FLIT  shift 24
	ID  shift 25
	CLIT  shift 26
	SLIT  shift 27
	EOL  shift 28
	END  reduce 40

	vdecl  goto 133
	stmt  goto 134
	typ  goto 135
	expr  goto 34


state 167
	fdecl : typ ID LPAREN formals_opt RPAREN EOL fbody END EOL .  (6)

	.  reduce 6


State 30 contains 1 shift/reduce conflict.
State 40 contains 2 shift/reduce conflicts.
State 41 contains 2 shift/reduce conflicts.
State 92 contains 2 shift/reduce conflicts.
State 93 contains 2 shift/reduce conflicts.
State 94 contains 2 shift/reduce conflicts.
State 95 contains 2 shift/reduce conflicts.
State 96 contains 2 shift/reduce conflicts.
State 97 contains 2 shift/reduce conflicts.
State 98 contains 1 shift/reduce conflict.
State 102 contains 2 shift/reduce conflicts.
State 103 contains 2 shift/reduce conflicts.
State 104 contains 2 shift/reduce conflicts.
State 105 contains 2 shift/reduce conflicts.
State 106 contains 2 shift/reduce conflicts.
State 107 contains 2 shift/reduce conflicts.
State 108 contains 2 shift/reduce conflicts.
State 109 contains 2 shift/reduce conflicts.
State 110 contains 2 shift/reduce conflicts.
State 111 contains 2 shift/reduce conflicts.
State 112 contains 2 shift/reduce conflicts.
State 113 contains 2 shift/reduce conflicts.
State 114 contains 16 shift/reduce conflicts.
State 115 contains 2 shift/reduce conflicts.
State 116 contains 2 shift/reduce conflicts.
State 163 contains 1 shift/reduce conflict.


58 terminals, 21 nonterminals
84 grammar rules, 168 states
