list<int> add2lists_(int,int)->int_int_int(function, arr1, arr2)
	list<?> ans = (list<?> : [])
	int shorterArrLength = (int : 0)
	if (bool : (int : ((list<int>)->int : length)((list<int> : arr1))) < (int : ((list<int>)->int : length)((list<int> : arr2)))):
		(int : (int : shorterArrLength) = (int : ((list<int>)->int : length)((list<int> : arr1))))
	else:
		(int : (int : shorterArrLength) = (int : ((list<int>)->int : length)((list<int> : arr2))))
	end
	for i in (list<int> : (int : 0)..(int : shorterArrLength)):
	 	(list<int> : (list<int> : ans) = (list<int> : ((list<int>,int)->list<int> : append)((list<int> : ans), (int : ((int,int)->int : function)((int : (list<int> : arr1)[(int : i)]), (int : (list<int> : arr2)[(int : i)]))))))
	end
	return (list<int> : ans)
end
int addTwoIntegers(x, y)
	return (int : (int : x) + (int : y))
end

list<int> arr1 = (list<int> : [(int : 1),(int : 2),(int : 3),(int : 4)])
list<int> arr2 = (list<int> : [(int : 4),(int : 3),(int : 2),(int : 1)])
list<int> arr = (list<int> : (((int,int)->int,list<int>,list<int>)->list<int> : add2lists_(int,int)->int_int_int)(((int,int)->int : addTwoIntegers), (list<int> : arr1), (list<int> : arr2)))
for i in (list<int> : arr):
 	(void : ((string)->void : print)((string : "%d
	"), (int : i)))
end
