
(int : (int : 5) + (int : 5))
(int : (int : 3) - (int : 5))
(int : (int : 5) * (int : 5))
(int : (int : 5) / (int : 5))
(float : (float : 5.1) + (float : 10.5))
(float : (float : 10.5) - (float : 5.1))
(float : (float : 5.1) * (float : 10.5))
(float : (float : 10.5) / (float : 5.1))
(float : (int : 10) + (float : 5.1))
(float : (float : 5.1) + (int : 10))
(int : (int : 5) ^ (int : 2))
(float : (float : 5.1) ^ (float : 10.5))
(float : (int : 5) ^ (float : 2.1))
(float : (float : 2.1) ^ (int : 5))
(bool : (string : "Hello") == (string : "Hello"))
(bool : (int : 5) == (int : 5))
(bool : (float : 5.1) != (float : 6.1))
(bool : (int : 5) < (int : 6))
(bool : (float : 6.1) > (float : 7.1))
(bool : (int : 5) <= (int : 8))
(bool : (float : 7.1) >= (float : 8.1))
(bool : (bool : (int : 5) < (int : 6)) and (bool : (float : 6.1) > (float : 7.1)))
(bool : (bool : (int : 5) <= (int : 8)) and (bool : (float : 7.1) >= (float : 8.1)))
(list<int> : (int : 5)..(int : 6))
